c Debugging is ON.
Reading bayesnet
Directed Graph constructed
Number of Relevant nodes = 30 out of 50
Counting constraints
Solver inited
Domains reduced
Domains reduced
Max cluster size =5
Estimate  = 94
num evidence = 10
Limit = 1e+07
#sampled variables = 0 out of 6
num values = 1
Counting constraints
t 1.9637
z -1.73334
---------------------------RESULT------------------------------
	 Log Base e probability of evidence = -3.99117
	 Log Base 10 probability of evidence = -1.73334
	 Probability of evidence = 0.0184782
---------------------------RESULT------------------------------
