c Debugging is ON.
Reading bayesnet
Directed Graph constructed
Number of Relevant nodes = 30 out of 50
Counting constraints
Solver inited
Domains reduced
Domains reduced
Max cluster size =4
Estimate  = 30
num evidence = 10
Limit = 1e+07
#sampled variables = 0 out of 4
num values = 1
Counting constraints
t 2.30765
z -1.63272
---------------------------RESULT------------------------------
	 Log Base e probability of evidence = -3.75947
	 Log Base 10 probability of evidence = -1.63272
	 Probability of evidence = 0.023296
---------------------------RESULT------------------------------
